D:\DOCUMENTS\VISUAL STUDIO 2010\PROJECTS\IAA\DEBUG\IAA.EXE
D:\DOCUMENTS\VISUAL STUDIO 2010\PROJECTS\IAA\DEBUG\IAA.ILK
D:\DOCUMENTS\VISUAL STUDIO 2010\PROJECTS\IAA\DEBUG\IAA.PDB
D:\DOCUMENTS\VISUAL STUDIO 2010\PROJECTS\IAA\IAA\DEBUG\IAA.EXE.EMBED.MANIFEST
D:\DOCUMENTS\VISUAL STUDIO 2010\PROJECTS\IAA\IAA\DEBUG\IAA.EXE.EMBED.MANIFEST.RES
D:\DOCUMENTS\VISUAL STUDIO 2010\PROJECTS\IAA\IAA\DEBUG\IAA.EXE.INTERMEDIATE.MANIFEST
D:\DOCUMENTS\VISUAL STUDIO 2010\PROJECTS\IAA\IAA\DEBUG\MAIN.OBJ
D:\DOCUMENTS\VISUAL STUDIO 2010\PROJECTS\IAA\IAA\DEBUG\MATRICE.OBJ
D:\DOCUMENTS\VISUAL STUDIO 2010\PROJECTS\IAA\IAA\DEBUG\QUADRUPLET.OBJ
D:\DOCUMENTS\VISUAL STUDIO 2010\PROJECTS\IAA\IAA\DEBUG\ROBOTIQUE.OBJ
D:\DOCUMENTS\VISUAL STUDIO 2010\PROJECTS\IAA\IAA\DEBUG\VC100.PDB
D:\Projects\Robotology\VSProjet\IAA\Debug\cl.command.1.tlog
D:\Projects\Robotology\VSProjet\IAA\Debug\CL.read.1.tlog
D:\Projects\Robotology\VSProjet\IAA\Debug\CL.write.1.tlog
D:\Projects\Robotology\VSProjet\IAA\Debug\IAA.exe.embed.manifest
D:\Projects\Robotology\VSProjet\IAA\Debug\IAA.exe.embed.manifest.res
D:\Projects\Robotology\VSProjet\IAA\Debug\IAA.exe.intermediate.manifest
D:\Projects\Robotology\VSProjet\IAA\Debug\IAA_manifest.rc
D:\Projects\Robotology\VSProjet\IAA\Debug\link.6328.read.1.tlog
D:\Projects\Robotology\VSProjet\IAA\Debug\link.6328.write.1.tlog
D:\Projects\Robotology\VSProjet\IAA\Debug\link.6328-cvtres.read.1.tlog
D:\Projects\Robotology\VSProjet\IAA\Debug\link.6328-cvtres.write.1.tlog
D:\Projects\Robotology\VSProjet\IAA\Debug\link.command.1.tlog
D:\Projects\Robotology\VSProjet\IAA\Debug\link.read.1.tlog
D:\Projects\Robotology\VSProjet\IAA\Debug\link.write.1.tlog
D:\Projects\Robotology\VSProjet\IAA\Debug\link-cvtres.read.1.tlog
D:\Projects\Robotology\VSProjet\IAA\Debug\link-cvtres.write.1.tlog
D:\Projects\Robotology\VSProjet\IAA\Debug\main.obj
D:\Projects\Robotology\VSProjet\IAA\Debug\Matrice.obj
D:\Projects\Robotology\VSProjet\IAA\Debug\mt.command.1.tlog
D:\Projects\Robotology\VSProjet\IAA\Debug\mt.read.1.tlog
D:\Projects\Robotology\VSProjet\IAA\Debug\mt.write.1.tlog
D:\Projects\Robotology\VSProjet\IAA\Debug\Quadruplet.obj
D:\Projects\Robotology\VSProjet\IAA\Debug\rc.command.1.tlog
D:\Projects\Robotology\VSProjet\IAA\Debug\rc.read.1.tlog
D:\Projects\Robotology\VSProjet\IAA\Debug\rc.write.1.tlog
D:\Projects\Robotology\VSProjet\IAA\Debug\Robotique.obj
D:\Projects\Robotology\VSProjet\IAA\Debug\vc100.idb
D:\Projects\Robotology\VSProjet\IAA\Debug\vc100.pdb
