Build started 02/12/2012 19:17:25.
     1>Project "D:\Documents\Visual Studio 2010\Projects\Robotique\Robotique_Bras\Robotique_Bras.vcxproj" on node 2 (build target(s)).
     1>InitializeBuildStatus:
         Creating "Debug\Robotique_Bras.unsuccessfulbuild" because "AlwaysCreate" was specified.
       ClCompile:
         C:\Program Files (x86)\Microsoft Visual Studio 10.0\VC\bin\CL.exe /c /ZI /nologo /W3 /WX- /Od /Oy- /D WIN32 /D _DEBUG /D _CONSOLE /D _UNICODE /D UNICODE /Gm /EHsc /RTC1 /MDd /GS /fp:precise /Zc:wchar_t /Zc:forScope /Yc"StdAfx.h" /Fp"Debug\Robotique_Bras.pch" /Fo"Debug\\" /Fd"Debug\vc100.pdb" /Gd /TP /analyze- /errorReport:prompt stdafx.cpp
         stdafx.cpp
         C:\Program Files (x86)\Microsoft Visual Studio 10.0\VC\bin\CL.exe /c /ZI /nologo /W3 /WX- /Od /Oy- /D WIN32 /D _DEBUG /D _CONSOLE /D _UNICODE /D UNICODE /Gm /EHsc /RTC1 /MDd /GS /fp:precise /Zc:wchar_t /Zc:forScope /Yu"StdAfx.h" /Fp"Debug\Robotique_Bras.pch" /Fo"Debug\\" /Fd"Debug\vc100.pdb" /Gd /TP /analyze- /errorReport:prompt matrice.cpp robotique.cpp Robotique_Bras.cpp
         Robotique_Bras.cpp
     1>d:\documents\visual studio 2010\projects\robotique\robotique_bras\robotique_bras.cpp(9): warning C4305: 'argument' : truncation from 'double' to 'float'
     1>d:\documents\visual studio 2010\projects\robotique\robotique_bras\robotique_bras.cpp(9): warning C4305: 'argument' : truncation from 'double' to 'float'
     1>d:\documents\visual studio 2010\projects\robotique\robotique_bras\robotique_bras.cpp(12): warning C4305: 'argument' : truncation from 'double' to 'float'
     1>d:\documents\visual studio 2010\projects\robotique\robotique_bras\robotique_bras.cpp(12): warning C4305: 'argument' : truncation from 'double' to 'float'
         robotique.cpp
         matrice.cpp
         Generating Code...
       ManifestResourceCompile:
         All outputs are up-to-date.
       Link:
         C:\Program Files (x86)\Microsoft Visual Studio 10.0\VC\bin\link.exe /ERRORREPORT:PROMPT /OUT:"D:\Documents\Visual Studio 2010\Projects\Robotique\Debug\Robotique_Bras.exe" /INCREMENTAL /NOLOGO kernel32.lib user32.lib gdi32.lib winspool.lib comdlg32.lib advapi32.lib shell32.lib ole32.lib oleaut32.lib uuid.lib odbc32.lib odbccp32.lib /MANIFEST /ManifestFile:"Debug\Robotique_Bras.exe.intermediate.manifest" /MANIFESTUAC:"level='asInvoker' uiAccess='false'" /DEBUG /PDB:"D:\Documents\Visual Studio 2010\Projects\Robotique\Debug\Robotique_Bras.pdb" /SUBSYSTEM:CONSOLE /TLBID:1 /DYNAMICBASE /NXCOMPAT /IMPLIB:"D:\Documents\Visual Studio 2010\Projects\Robotique\Debug\Robotique_Bras.lib" /MACHINE:X86 Debug\Robotique_Bras.exe.embed.manifest.res
         Debug\matrice.obj
         Debug\robotique.obj
         Debug\Robotique_Bras.obj
         Debug\stdafx.obj
       Manifest:
         C:\Program Files (x86)\Microsoft SDKs\Windows\v7.0A\bin\mt.exe /nologo /verbose /out:"Debug\Robotique_Bras.exe.embed.manifest" /manifest Debug\Robotique_Bras.exe.intermediate.manifest
         All outputs are up-to-date.
       LinkEmbedManifest:
         All outputs are up-to-date.
         Robotique_Bras.vcxproj -> D:\Documents\Visual Studio 2010\Projects\Robotique\Debug\Robotique_Bras.exe
       FinalizeBuildStatus:
         Deleting file "Debug\Robotique_Bras.unsuccessfulbuild".
         Touching "Debug\Robotique_Bras.lastbuildstate".
     1>Done Building Project "D:\Documents\Visual Studio 2010\Projects\Robotique\Robotique_Bras\Robotique_Bras.vcxproj" (build target(s)).

Build succeeded.

Time Elapsed 00:00:03.66
